[2026-06-09 21:13:29,553][__main__][INFO] - Config:
data:
  tickers:
  - SPY
  - QQQ
  - TLT
  - GLD
  - ^VIX
  start_date: '2004-11-01'
  end_date: '2026-06-08'
  raw_dir: data/raw
  processed_dir: data/processed
  window_len: 40
features:
  roll_windows:
  - 5
  - 10
  - 21
  - 63
  momentum_windows:
  - 5
  - 21
  corr_windows:
  - 21
  - 63
  cross_assets:
  - QQQ
  - TLT
  - GLD
  - ^VIX
  primary_asset: SPY
labels:
  horizon: 5
  vol_window: 21
  return_quantile: 0.5
  vol_quantile: 0.5
  smoothing: true
  smoothing_min_periods: 3
  label_asset: SPY
splits:
  train_start: '2000-01-01'
  val_size: 252
  test_size: 252
  step_size: 63
  min_train_size: 504
model:
  name: lagrangian_v7
  input_dim: 37
  window_len: 40
  latent_dim: 16
  hidden_dim: 64
  potential_hidden_dim: 128
  mass_hidden_dim: 64
  encoder_type: conv1d
  encoder_dim: 64
  conv_channels: 64
  conv_kernel_size: 3
  n_steps: 8
  damping: 0.1
  dt: 1.0
  use_forcing: false
  use_vector_damping: true
  use_coord_transform: true
  eps: 0.0001
  batch_size: 64
  lr: 0.0005
  max_epochs: 150
  patience: 30
  device: cpu
  multi_horizon: true
  use_econophysics_features: true
seed: 42
output_dir: outputs
figures_dir: reports/figures
fold_start: 20
fold_end: 40

[2026-06-09 21:13:29,554][src.data.download][INFO] - Loading SPY from cache
[2026-06-09 21:13:29,597][src.data.download][INFO] - Loading QQQ from cache
[2026-06-09 21:13:29,601][src.data.download][INFO] - Loading TLT from cache
[2026-06-09 21:13:29,605][src.data.download][INFO] - Loading GLD from cache
[2026-06-09 21:13:29,609][src.data.download][INFO] - Loading ^VIX from cache
[2026-06-09 21:13:29,680][__main__][INFO] - Features shape (with econophysics): (5433, 66)
[2026-06-09 21:13:31,566][__main__][INFO] - Fold 20: train=1600 val=213 test=213
[2026-06-09 21:13:51,340][__main__][INFO] -   Macro F1(5d)=0.3416  F1(10d)=0.2648  F1(20d)=0.2631  Brier=0.7201  ECE=0.0662
[2026-06-09 21:13:51,378][__main__][INFO] - Fold 21: train=1663 val=213 test=213
[2026-06-09 21:14:10,061][__main__][INFO] -   Macro F1(5d)=0.3221  F1(10d)=0.3066  F1(20d)=0.3448  Brier=0.6640  ECE=0.0643
[2026-06-09 21:14:10,095][__main__][INFO] - Fold 22: train=1726 val=213 test=213
[2026-06-09 21:14:29,883][__main__][INFO] -   Macro F1(5d)=0.3393  F1(10d)=0.3415  F1(20d)=0.3650  Brier=0.6554  ECE=0.0731
[2026-06-09 21:14:29,922][__main__][INFO] - Fold 23: train=1789 val=213 test=213
[2026-06-09 21:14:49,527][__main__][INFO] -   Macro F1(5d)=0.2721  F1(10d)=0.2779  F1(20d)=0.2902  Brier=0.6474  ECE=0.0814
[2026-06-09 21:14:49,564][__main__][INFO] - Fold 24: train=1852 val=213 test=213
[2026-06-09 21:15:11,107][__main__][INFO] -   Macro F1(5d)=0.4608  F1(10d)=0.3641  F1(20d)=0.2853  Brier=0.5652  ECE=0.0728
[2026-06-09 21:15:11,146][__main__][INFO] - Fold 25: train=1915 val=213 test=213
[2026-06-09 21:15:34,870][__main__][INFO] -   Macro F1(5d)=0.4589  F1(10d)=0.4054  F1(20d)=0.3327  Brier=0.5745  ECE=0.0780
[2026-06-09 21:15:34,932][__main__][INFO] - Fold 26: train=1978 val=213 test=213
[2026-06-09 21:16:01,750][__main__][INFO] -   Macro F1(5d)=0.3743  F1(10d)=0.3777  F1(20d)=0.4385  Brier=0.6965  ECE=0.1599
[2026-06-09 21:16:01,793][__main__][INFO] - Fold 27: train=2041 val=213 test=213
[2026-06-09 21:16:29,688][__main__][INFO] -   Macro F1(5d)=0.3547  F1(10d)=0.3808  F1(20d)=0.3922  Brier=0.7387  ECE=0.1703
[2026-06-09 21:16:29,723][__main__][INFO] - Fold 28: train=2104 val=213 test=213
[2026-06-09 21:16:58,301][__main__][INFO] -   Macro F1(5d)=0.4267  F1(10d)=0.4764  F1(20d)=0.5401  Brier=0.5878  ECE=0.1136
[2026-06-09 21:16:58,344][__main__][INFO] - Fold 29: train=2167 val=213 test=213
[2026-06-09 21:17:24,596][__main__][INFO] -   Macro F1(5d)=0.3261  F1(10d)=0.3047  F1(20d)=0.3071  Brier=0.6741  ECE=0.1125
[2026-06-09 21:17:24,634][__main__][INFO] - Fold 30: train=2230 val=213 test=213
[2026-06-09 21:17:51,389][__main__][INFO] -   Macro F1(5d)=0.3431  F1(10d)=0.3368  F1(20d)=0.3230  Brier=0.6587  ECE=0.1050
[2026-06-09 21:17:51,432][__main__][INFO] - Fold 31: train=2293 val=213 test=213
[2026-06-09 21:18:20,413][__main__][INFO] -   Macro F1(5d)=0.3199  F1(10d)=0.3718  F1(20d)=0.3557  Brier=0.7037  ECE=0.1553
[2026-06-09 21:18:20,467][__main__][INFO] - Fold 32: train=2356 val=213 test=213
[2026-06-09 21:18:48,232][__main__][INFO] -   Macro F1(5d)=0.3404  F1(10d)=0.4088  F1(20d)=0.2965  Brier=0.6486  ECE=0.0647
[2026-06-09 21:18:48,287][__main__][INFO] - Fold 33: train=2419 val=213 test=213
[2026-06-09 21:19:19,875][__main__][INFO] -   Macro F1(5d)=0.3635  F1(10d)=0.3467  F1(20d)=0.3533  Brier=0.6249  ECE=0.0811
[2026-06-09 21:19:19,922][__main__][INFO] - Fold 34: train=2482 val=213 test=213
[2026-06-09 21:19:51,075][__main__][INFO] -   Macro F1(5d)=0.3789  F1(10d)=0.3275  F1(20d)=0.4125  Brier=0.5781  ECE=0.0560
[2026-06-09 21:19:51,120][__main__][INFO] - Fold 35: train=2545 val=213 test=213
[2026-06-09 21:20:29,769][__main__][INFO] -   Macro F1(5d)=0.3942  F1(10d)=0.2420  F1(20d)=0.2950  Brier=0.5802  ECE=0.1877
[2026-06-09 21:20:29,817][__main__][INFO] - Fold 36: train=2608 val=213 test=213
[2026-06-09 21:21:05,102][__main__][INFO] -   Macro F1(5d)=0.3565  F1(10d)=0.3741  F1(20d)=0.3259  Brier=0.5699  ECE=0.1814
[2026-06-09 21:21:05,153][__main__][INFO] - Fold 37: train=2671 val=213 test=213
[2026-06-09 21:21:38,413][__main__][INFO] -   Macro F1(5d)=0.2498  F1(10d)=0.2519  F1(20d)=0.2113  Brier=0.5466  ECE=0.1399
[2026-06-09 21:21:38,465][__main__][INFO] - Fold 38: train=2734 val=213 test=213
[2026-06-09 21:22:10,921][__main__][INFO] -   Macro F1(5d)=0.2890  F1(10d)=0.3165  F1(20d)=0.2560  Brier=0.5914  ECE=0.1624
[2026-06-09 21:22:10,976][__main__][INFO] - Fold 39: train=2797 val=213 test=213
[2026-06-09 21:22:47,161][__main__][INFO] -   Macro F1(5d)=0.3060  F1(10d)=0.3754  F1(20d)=0.2949  Brier=0.6609  ECE=0.2301
[2026-06-09 21:22:47,212][__main__][INFO] - Fold 40: train=2860 val=213 test=213
[2026-06-09 21:23:22,612][__main__][INFO] -   Macro F1(5d)=0.4172  F1(10d)=0.4058  F1(20d)=0.3532  Brier=0.6067  ECE=0.1296
[2026-06-09 21:23:22,677][__main__][INFO] - 
Walk-Forward Summary (lagrangian_v6):
      macro_f1  balanced_accuracy  brier_score       ece
mean  0.354057           0.439261     0.633021  0.118353
std   0.055761           0.062732     0.055954  0.050378
[2026-06-09 21:23:22,677][__main__][INFO] - Average F1(10d)=0.3456  Average F1(20d)=0.3351
[2026-06-09 21:23:22,797][__main__][INFO] - Done.
